2025-05-29T02:10:21.946097+08:00 INFO Args { http_bind: "127.0.0.1", http_port: 8711, open_files_limit: 10240, rpc_endpoint: "https://bsc-rpc.publicnode.com", db_path: "./db.sqlite3" }
2025-05-29T02:10:21.946333+08:00 INFO current open files limit: 1048575
2025-05-29T02:10:21.946349+08:00 INFO new open files limit: 10240
2025-05-29T02:10:21.949534+08:00 INFO starting 8 workers
2025-05-29T02:10:21.949564+08:00 INFO RESTful API server started at http://127.0.0.1:8711
2025-05-29T02:10:21.949740+08:00 INFO Tokio runtime found; starting in existing Tokio runtime
2025-05-29T02:10:21.949776+08:00 INFO starting service: "actix-web-service-127.0.0.1:8711", workers: 8, listening on: 127.0.0.1:8711
2025-05-29T02:10:46.059547+08:00 INFO Args { http_bind: "127.0.0.1", http_port: 8711, open_files_limit: 10240, rpc_endpoint: "https://bsc-rpc.publicnode.com", db_path: "./db.sqlite3" }
2025-05-29T02:10:46.059743+08:00 INFO current open files limit: 1048575
2025-05-29T02:10:46.059766+08:00 INFO new open files limit: 10240
2025-05-29T02:10:46.063624+08:00 INFO starting 8 workers
2025-05-29T02:10:46.063666+08:00 INFO RESTful API server started at http://127.0.0.1:8711
2025-05-29T02:10:46.063678+08:00 INFO Running on API_ONLY mode
2025-05-29T02:10:46.063987+08:00 INFO Tokio runtime found; starting in existing Tokio runtime
2025-05-29T02:10:46.064200+08:00 INFO starting service: "actix-web-service-127.0.0.1:8711", workers: 8, listening on: 127.0.0.1:8711
2025-05-29T02:10:47.092708+08:00 INFO Scann block: 50474764
2025-05-29T02:10:48.546779+08:00 INFO tx: 0xca3dbbc6534a803aa0d39bd10d8f028d6673765724377393ae451e8fe88d3957
2025-05-29T02:10:48.546818+08:00 INFO tx: 0x5530d2ffb2450ab3670c5ddb208dc5d49802235c62925a6148592bbbbe87800a
2025-05-29T02:10:49.580266+08:00 ERROR Error scanning block 50474764: error returned from database: (code: 1) no such table: pools
2025-05-29T02:10:50.792676+08:00 INFO Scann block: 50474764
2025-05-29T02:10:52.096948+08:00 INFO tx: 0xca3dbbc6534a803aa0d39bd10d8f028d6673765724377393ae451e8fe88d3957
2025-05-29T02:10:52.096988+08:00 INFO tx: 0x5530d2ffb2450ab3670c5ddb208dc5d49802235c62925a6148592bbbbe87800a
2025-05-29T02:10:52.097020+08:00 INFO pool: PancakeSwapV3 0xd6f20a50b022ea3e5899c5069c542a9a33e5d240
2025-05-29T02:10:52.097042+08:00 INFO Pool: 0xd6f20a50b022ea3e5899c5069c542a9a33e5d240, Token: 0xbb4cdb9cbd36b01bd1cbaebf2de08d9173bc095c, Amount: 1184, Protocol: PancakeSwapV3
2025-05-29T02:10:52.097057+08:00 INFO tx: 0x29f84661c19836dd264f979432aa79529df1f06939d19224dde88fb5fd70e18b
2025-05-29T02:10:53.070962+08:00 ERROR Error scanning block 50474764: error returned from database: (code: 1) no such table: pools
2025-05-29T02:10:54.224735+08:00 INFO Received Ctrl+C signal. Exiting...
2025-05-29T02:10:54.224881+08:00 INFO SIGINT received; starting forced shutdown
2025-05-29T02:11:20.969333+08:00 INFO Args { http_bind: "127.0.0.1", http_port: 8711, open_files_limit: 10240, rpc_endpoint: "https://bsc-rpc.publicnode.com", db_path: "./db.sqlite3" }
2025-05-29T02:11:20.969370+08:00 INFO current open files limit: 1048575
2025-05-29T02:11:20.969392+08:00 INFO new open files limit: 10240
2025-05-29T02:11:20.974846+08:00 INFO starting 8 workers
2025-05-29T02:11:20.974971+08:00 INFO RESTful API server started at http://127.0.0.1:8711
2025-05-29T02:11:20.974991+08:00 INFO Running on API_ONLY mode
2025-05-29T02:11:20.975336+08:00 INFO Tokio runtime found; starting in existing Tokio runtime
2025-05-29T02:11:20.975546+08:00 INFO starting service: "actix-web-service-127.0.0.1:8711", workers: 8, listening on: 127.0.0.1:8711
2025-05-29T02:11:21.797955+08:00 INFO Scann block: 50474787
2025-05-29T02:11:23.279731+08:00 INFO tx: 0xc4155b4ca35113adfc7e1a88429f2baf3a555e4a51ad9dd0b5358f4f8ec46eeb
2025-05-29T02:11:23.279774+08:00 INFO tx: 0x8df2ec40f324fda38558c0c15c5d515215aab6438e65a66e41763c8a0ef7967c
2025-05-29T02:11:24.254064+08:00 INFO pool: PancakeSwapV3 0xd3cffc6b02a34dfc72f1350339031043a854599f
2025-05-29T02:11:24.254205+08:00 INFO Pool: 0xd3cffc6b02a34dfc72f1350339031043a854599f, Token: 0xbb4cdb9cbd36b01bd1cbaebf2de08d9173bc095c, Amount: 1370, Protocol: PancakeSwapV3
2025-05-29T02:11:24.254311+08:00 INFO tx: 0xe361b92d4fa66d98d164eb354a0330909ea1cbc20c4b463852c2a5ad608bdb42
2025-05-29T02:11:24.254347+08:00 INFO tx: 0xb264a530d93d2a661b32f47700baffb1c2ed316c6a04f4a8cad6a0d57f8617e4
2025-05-29T02:11:25.295740+08:00 INFO pool: PancakeSwapV3 0xd5825b9e771bac21eaa89e2138b70c9faea4be6b
2025-05-29T02:11:25.295855+08:00 INFO Pool: 0xd5825b9e771bac21eaa89e2138b70c9faea4be6b, Token: 0x55d398326f99059ff775485246999027b3197955, Amount: 465, Protocol: PancakeSwapV3
2025-05-29T02:11:25.295915+08:00 INFO tx: 0xc82fbc3a60e5bf86e68287b06e8e233bcdb2dba6664fd110f6e11c8f5714a053
2025-05-29T02:11:25.295948+08:00 INFO tx: 0x0b18a75a4a8c9e33c9dc453558e278ba244347883b9fa37c4b3eaad1d9d28f1a
2025-05-29T02:11:26.254225+08:00 INFO pool: PancakeSwapV3 0xd6f20a50b022ea3e5899c5069c542a9a33e5d240
2025-05-29T02:11:26.254327+08:00 INFO Pool: 0xd6f20a50b022ea3e5899c5069c542a9a33e5d240, Token: 0xbb4cdb9cbd36b01bd1cbaebf2de08d9173bc095c, Amount: 494, Protocol: PancakeSwapV3
2025-05-29T02:11:26.254478+08:00 INFO tx: 0x11450e438064af068c6feaacee8f968d8b8165b853c9f327cbb4fea6e1c434fc
2025-05-29T02:11:26.254570+08:00 INFO tx: 0x606bb0a637ad4d80d831a040ef68655db4f25ccb8c4c089e48f4e118278a3bf4
2025-05-29T02:11:26.254602+08:00 INFO tx: 0xb2c44b438286485ed6cfe8abaf62ac7b5666c5dab03dbce33258241435fc8f4b
2025-05-29T02:11:26.254665+08:00 INFO tx: 0x51412e0f830addc4a39c846c292dc9bdcd9802a44f0a5936f02c4c70c114ba3b
2025-05-29T02:11:27.343469+08:00 INFO pool: PancakeSwapV3 0xbdccafb234be6dc2545b0c25b0a5f5d9d1124228
2025-05-29T02:11:27.344039+08:00 INFO Pool: 0xbdccafb234be6dc2545b0c25b0a5f5d9d1124228, Token: 0x8ac76a51cc950d9822d68b83fe1ad97b32cd580d, Amount: 1148, Protocol: PancakeSwapV3
2025-05-29T02:11:27.344160+08:00 INFO tx: 0x2ee1e8e024ae0145a22197c6e50eacec5b5475d947d92a67637750b575e2298d
2025-05-29T02:11:27.344234+08:00 INFO pool: PancakeSwapV3 0xbdccafb234be6dc2545b0c25b0a5f5d9d1124228
2025-05-29T02:11:27.344271+08:00 INFO Pool: 0xbdccafb234be6dc2545b0c25b0a5f5d9d1124228, Token: 0x8ac76a51cc950d9822d68b83fe1ad97b32cd580d, Amount: 1148, Protocol: PancakeSwapV3
2025-05-29T02:11:27.344302+08:00 INFO tx: 0xc7404443a38f98aea58d5c51d5dce4a26ca7d4f19b25b62a37894e7ff1372211
2025-05-29T02:11:27.344344+08:00 INFO pool: PancakeSwapV3 0xbdccafb234be6dc2545b0c25b0a5f5d9d1124228
2025-05-29T02:11:27.345255+08:00 INFO Pool: 0xbdccafb234be6dc2545b0c25b0a5f5d9d1124228, Token: 0x8ac76a51cc950d9822d68b83fe1ad97b32cd580d, Amount: 1746, Protocol: PancakeSwapV3
2025-05-29T02:11:27.345331+08:00 INFO tx: 0xf1273511b40538676b669a046f83712728eaf9781d987b313ff6dff7119b401a
2025-05-29T02:11:27.345399+08:00 INFO pool: PancakeSwapV3 0xbdccafb234be6dc2545b0c25b0a5f5d9d1124228
2025-05-29T02:11:27.345433+08:00 INFO Pool: 0xbdccafb234be6dc2545b0c25b0a5f5d9d1124228, Token: 0x8ac76a51cc950d9822d68b83fe1ad97b32cd580d, Amount: 1746, Protocol: PancakeSwapV3
2025-05-29T02:11:27.345458+08:00 INFO tx: 0x6906d5757761e582138d5c582ba6bf51d7d27bff71fc106165781c71c8275864
2025-05-29T02:11:27.345507+08:00 INFO pool: PancakeSwapV3 0xbdccafb234be6dc2545b0c25b0a5f5d9d1124228
2025-05-29T02:11:27.345533+08:00 INFO Pool: 0xbdccafb234be6dc2545b0c25b0a5f5d9d1124228, Token: 0x8ac76a51cc950d9822d68b83fe1ad97b32cd580d, Amount: 1552, Protocol: PancakeSwapV3
2025-05-29T02:11:27.345605+08:00 INFO tx: 0x010cb406503675f01e865f2026a4c44e199f78f580da6f1b78b223154d8d6328
2025-05-29T02:11:27.346335+08:00 INFO pool: PancakeSwapV3 0xbdccafb234be6dc2545b0c25b0a5f5d9d1124228
2025-05-29T02:11:27.346464+08:00 INFO Pool: 0xbdccafb234be6dc2545b0c25b0a5f5d9d1124228, Token: 0x8ac76a51cc950d9822d68b83fe1ad97b32cd580d, Amount: 1552, Protocol: PancakeSwapV3
2025-05-29T02:11:27.346503+08:00 INFO tx: 0x66c179d18233abc0617eae3551310b9a390cb997e0298dd35c3e2768b2602422
2025-05-29T02:11:27.346538+08:00 INFO tx: 0x80e95003f798857e228fc78e37a99f5c40ac0156e2d6d39a26b4817a1288b949
2025-05-29T02:11:27.346602+08:00 INFO pool: PancakeSwapV3 0xbdccafb234be6dc2545b0c25b0a5f5d9d1124228
2025-05-29T02:11:27.346630+08:00 INFO Pool: 0xbdccafb234be6dc2545b0c25b0a5f5d9d1124228, Token: 0x8ac76a51cc950d9822d68b83fe1ad97b32cd580d, Amount: 503, Protocol: PancakeSwapV3
2025-05-29T02:11:27.346760+08:00 INFO tx: 0xe8882a01218c724acefc59e7e13093965c49446faef18a4b26416957e2f25f5e
2025-05-29T02:11:27.346789+08:00 INFO tx: 0x0d1c6ce0e3d8595e71c75cbb8d7a415fb57c4b6bc63c76287151f1066bd57b2c
2025-05-29T02:11:27.346812+08:00 INFO tx: 0xbdb4d95ebfb49565671adf396bcda63d033628c5a1ba06d6dc11bbaa2c70d2f5
2025-05-29T02:11:27.347672+08:00 INFO tx: 0xb0dafa09452663f1c2165cc813890593f957bf34b1bfe291fd3f10973b3e75a1
2025-05-29T02:11:28.426892+08:00 INFO pool: UniswapV3 0x6d82c535a95df016f16c3d5bd6948be5ad5fb804
2025-05-29T02:11:28.427158+08:00 INFO Pool: 0x6d82c535a95df016f16c3d5bd6948be5ad5fb804, Token: 0x8ac76a51cc950d9822d68b83fe1ad97b32cd580d, Amount: 159, Protocol: UniswapV3
2025-05-29T02:11:28.427256+08:00 INFO pool: PancakeSwapV3 0xbdccafb234be6dc2545b0c25b0a5f5d9d1124228
2025-05-29T02:11:28.427301+08:00 INFO Pool: 0xbdccafb234be6dc2545b0c25b0a5f5d9d1124228, Token: 0x8ac76a51cc950d9822d68b83fe1ad97b32cd580d, Amount: 159, Protocol: PancakeSwapV3
2025-05-29T02:11:28.427345+08:00 INFO tx: 0xc3ceff8a7055b0c2330dd31a6c59e85bb7d9b66e124622ff2a618a9db446bf78
2025-05-29T02:11:28.427386+08:00 INFO tx: 0xc147be71c3a15686971a7ae8cb4987e0d24264b5d1f155782d853d3e4259ca40
2025-05-29T02:11:28.427519+08:00 INFO tx: 0x511574b293a8c619138437c8cb276fb18d549e111fe45ece776b6d48f48d8242
2025-05-29T02:11:28.427581+08:00 INFO tx: 0x23fc1346dc38d42bfcd1f6ef1e1bc79e684929af5e14bcdd551dcc9a2e3b1eb1
2025-05-29T02:11:28.427610+08:00 INFO tx: 0x077e82223361cdad7404c07bcf25c302e0befca2197f364726a73d15014e13ad
2025-05-29T02:11:28.427666+08:00 INFO pool: PancakeSwapV3 0xd5825b9e771bac21eaa89e2138b70c9faea4be6b
2025-05-29T02:11:28.427703+08:00 INFO Pool: 0xd5825b9e771bac21eaa89e2138b70c9faea4be6b, Token: 0x55d398326f99059ff775485246999027b3197955, Amount: 188, Protocol: PancakeSwapV3
2025-05-29T02:11:28.427735+08:00 INFO tx: 0x916f3943b89bf470e909cc4ad77783de94760fbc8e9405ccdaa42e2e2389b3a6
2025-05-29T02:11:28.427769+08:00 INFO tx: 0x85844ecb18197d828fa950f97091332bbefbdcbeedf88f7019efec6c04b53fa4
2025-05-29T02:11:28.427805+08:00 INFO tx: 0x36fb07d9cc09f4bf87de02cf72f4b09909b15e75ded38eee37a6f43c79383c75
2025-05-29T02:11:28.427846+08:00 INFO tx: 0x7365803c620687a118fb52c327adb42df429c100d147fb54ae5d0ab609dd72b0
2025-05-29T02:11:28.427881+08:00 INFO tx: 0x9a6a383fddb98fb700227863f0db124500f6e227faef75c49525f81d7c69d7c1
2025-05-29T02:11:28.427909+08:00 INFO tx: 0x488e68d8899d4c67ee3456d0f117f0c8bab00d1670a3f0175434ca5c9fb72966
2025-05-29T02:11:28.427939+08:00 INFO tx: 0x16a62e10cad84af385497cd0bbba32c10bc482d4e443c2eb13d89356de2c9e78
2025-05-29T02:11:29.516971+08:00 INFO pool: UniswapV3 0x81c7294b66955824bc04acb642ae8dc58e6ce507
2025-05-29T02:11:29.517084+08:00 INFO Pool: 0x81c7294b66955824bc04acb642ae8dc58e6ce507, Token: 0x55d398326f99059ff775485246999027b3197955, Amount: 1494, Protocol: UniswapV3
2025-05-29T02:11:29.517193+08:00 INFO tx: 0x765012482678e536268f0e42579d823299ece4db4a1035b1221f19d8d5024f50
2025-05-29T02:11:30.541874+08:00 INFO pool: PancakeSwapV3 0x5968feacba91d55010975e0cfe8acfc32664ad33
2025-05-29T02:11:30.542011+08:00 INFO Pool: 0x5968feacba91d55010975e0cfe8acfc32664ad33, Token: 0x55d398326f99059ff775485246999027b3197955, Amount: 2047, Protocol: PancakeSwapV3
2025-05-29T02:11:30.542124+08:00 INFO tx: 0xfcf8cc98e0ef6ac83516c5bb0afd6915aa73ddf413d9b5958d1cbb05de890005
2025-05-29T02:11:31.560830+08:00 INFO pool: PancakeSwapV3 0xd919dc242bb1e8a823da9cdb9806e3d211265f47
2025-05-29T02:11:31.561142+08:00 INFO Pool: 0xd919dc242bb1e8a823da9cdb9806e3d211265f47, Token: 0xbb4cdb9cbd36b01bd1cbaebf2de08d9173bc095c, Amount: 86, Protocol: PancakeSwapV3
2025-05-29T02:11:32.515227+08:00 INFO pool: PancakeSwapV3 0x172fcd41e0913e95784454622d1c3724f546f849
2025-05-29T02:11:32.515392+08:00 INFO Pool: 0x172fcd41e0913e95784454622d1c3724f546f849, Token: 0x55d398326f99059ff775485246999027b3197955, Amount: 87, Protocol: PancakeSwapV3
2025-05-29T02:11:32.515483+08:00 INFO tx: 0x7ba3a0df49f8333ecbc0d029d28dcc38b1d2484a2db47ff51ae3655607dc6bd0
2025-05-29T02:11:32.515592+08:00 INFO pool: PancakeSwapV3 0x5968feacba91d55010975e0cfe8acfc32664ad33
2025-05-29T02:11:32.515655+08:00 INFO Pool: 0x5968feacba91d55010975e0cfe8acfc32664ad33, Token: 0x55d398326f99059ff775485246999027b3197955, Amount: 604, Protocol: PancakeSwapV3
2025-05-29T02:11:32.515730+08:00 INFO tx: 0x3c3a2e73314b48ce84942987b80dcb1009a7bb8299b373c78328241953e5e063
2025-05-29T02:11:32.515823+08:00 INFO pool: PancakeSwapV3 0x5968feacba91d55010975e0cfe8acfc32664ad33
2025-05-29T02:11:32.515899+08:00 INFO Pool: 0x5968feacba91d55010975e0cfe8acfc32664ad33, Token: 0x55d398326f99059ff775485246999027b3197955, Amount: 799, Protocol: PancakeSwapV3
2025-05-29T02:11:32.515981+08:00 INFO tx: 0xbf895307c6d4afb9abbbe5454678a128b0268198a114470ed74ae472ed8d8a3f
2025-05-29T02:11:32.516071+08:00 INFO pool: PancakeSwapV3 0x5968feacba91d55010975e0cfe8acfc32664ad33
2025-05-29T02:11:32.516111+08:00 INFO Pool: 0x5968feacba91d55010975e0cfe8acfc32664ad33, Token: 0x55d398326f99059ff775485246999027b3197955, Amount: 1024, Protocol: PancakeSwapV3
2025-05-29T02:11:32.516188+08:00 INFO tx: 0x24ae3fff951fb187040eaf3a475e1cf735d03495868496c3abbc52772d1fb38d
2025-05-29T02:11:32.516271+08:00 INFO pool: PancakeSwapV3 0x5968feacba91d55010975e0cfe8acfc32664ad33
2025-05-29T02:11:32.516305+08:00 INFO Pool: 0x5968feacba91d55010975e0cfe8acfc32664ad33, Token: 0x55d398326f99059ff775485246999027b3197955, Amount: 349, Protocol: PancakeSwapV3
2025-05-29T02:11:32.516361+08:00 INFO tx: 0xfec8646fc7d4979a302c8008fa49e5fe783c00f3c146601135e2d1047c40148a
2025-05-29T02:11:33.596043+08:00 INFO pool: PancakeSwapV3 0xc1a780989734a0e5df875cebe410748562e1c5e6
2025-05-29T02:11:33.596366+08:00 INFO Pool: 0xc1a780989734a0e5df875cebe410748562e1c5e6, Token: 0xbb4cdb9cbd36b01bd1cbaebf2de08d9173bc095c, Amount: 1369, Protocol: PancakeSwapV3
2025-05-29T02:11:33.596456+08:00 INFO tx: 0x8c8dc5ab52f4122344a79a1fa83692a84aad1389b2a040ace141af50d1d393a9
2025-05-29T02:11:34.962385+08:00 INFO pool: PancakeSwapV3 0x7d94b911a51670f78a44a7af3c2bf773c42f2497
2025-05-29T02:11:34.962493+08:00 INFO Pool: 0x7d94b911a51670f78a44a7af3c2bf773c42f2497, Token: 0xbb4cdb9cbd36b01bd1cbaebf2de08d9173bc095c, Amount: 760, Protocol: PancakeSwapV3
2025-05-29T02:11:34.962586+08:00 INFO tx: 0x46335972729cbc100a4433becb0997d4f402aba1708fefbf91e2e3d8d96dff3d
2025-05-29T02:11:34.962690+08:00 INFO pool: PancakeSwapV3 0x5968feacba91d55010975e0cfe8acfc32664ad33
2025-05-29T02:11:34.962727+08:00 INFO Pool: 0x5968feacba91d55010975e0cfe8acfc32664ad33, Token: 0x55d398326f99059ff775485246999027b3197955, Amount: 1005, Protocol: PancakeSwapV3
2025-05-29T02:11:34.962798+08:00 INFO tx: 0xdcebc4063352f028be2b57192bcba18c17495f3508b08151826f8d2c7c3e5e67
2025-05-29T02:11:34.962884+08:00 INFO pool: PancakeSwapV3 0x5968feacba91d55010975e0cfe8acfc32664ad33
2025-05-29T02:11:34.962920+08:00 INFO Pool: 0x5968feacba91d55010975e0cfe8acfc32664ad33, Token: 0x55d398326f99059ff775485246999027b3197955, Amount: 982, Protocol: PancakeSwapV3
2025-05-29T02:11:34.962976+08:00 INFO tx: 0xa84635780171c410ab372ce303dac7d92c1fcfb3aa45b5a42aeb1dd86617a022
2025-05-29T02:11:34.963062+08:00 INFO pool: PancakeSwapV3 0x172fcd41e0913e95784454622d1c3724f546f849
2025-05-29T02:11:34.963096+08:00 INFO Pool: 0x172fcd41e0913e95784454622d1c3724f546f849, Token: 0x55d398326f99059ff775485246999027b3197955, Amount: 4, Protocol: PancakeSwapV3
2025-05-29T02:11:35.909795+08:00 INFO pool: PancakeSwapV3 0x71cd938b95ad63cb724b986bd7628558a6af5bb1
2025-05-29T02:11:35.909920+08:00 INFO Pool: 0x71cd938b95ad63cb724b986bd7628558a6af5bb1, Token: 0xbb4cdb9cbd36b01bd1cbaebf2de08d9173bc095c, Amount: 4, Protocol: PancakeSwapV3
2025-05-29T02:11:35.910040+08:00 INFO tx: 0xe65826cbce65ca50afb70acacf743fee303de2f90fd1937c413c6298d0861313
2025-05-29T02:11:36.868177+08:00 INFO pool: PancakeSwapV3 0x2bb75e055070aaa283b0f2070b0161b3f46f3c8c
2025-05-29T02:11:36.868276+08:00 INFO Pool: 0x2bb75e055070aaa283b0f2070b0161b3f46f3c8c, Token: 0xbb4cdb9cbd36b01bd1cbaebf2de08d9173bc095c, Amount: 221, Protocol: PancakeSwapV3
2025-05-29T02:11:36.868366+08:00 INFO tx: 0x3c1027884cb2cf040c0c1119cb9d92f1d616e5e309a53cef44fe9f0bd1932764
2025-05-29T02:11:36.868497+08:00 INFO pool: PancakeSwapV3 0xbdccafb234be6dc2545b0c25b0a5f5d9d1124228
2025-05-29T02:11:36.868538+08:00 INFO Pool: 0xbdccafb234be6dc2545b0c25b0a5f5d9d1124228, Token: 0x8ac76a51cc950d9822d68b83fe1ad97b32cd580d, Amount: 359, Protocol: PancakeSwapV3
2025-05-29T02:11:37.898377+08:00 INFO pool: PancakeSwapV3 0x25611630efc511d0291f5d9dd5176846e3f4ca24
2025-05-29T02:11:37.898486+08:00 INFO Pool: 0x25611630efc511d0291f5d9dd5176846e3f4ca24, Token: 0x55d398326f99059ff775485246999027b3197955, Amount: 153, Protocol: PancakeSwapV3
2025-05-29T02:11:37.898569+08:00 INFO tx: 0xe86cb2a8a9cd53f8ea0c828641a2ef17d56ba88cd169973f43229a0d04ce5bfd
2025-05-29T02:11:38.983109+08:00 INFO pool: PancakeSwapV3 0x08a10ae012df633abbf710ef8bd3a9745a9e5816
2025-05-29T02:11:38.983215+08:00 INFO Pool: 0x08a10ae012df633abbf710ef8bd3a9745a9e5816, Token: 0x8ac76a51cc950d9822d68b83fe1ad97b32cd580d, Amount: 246, Protocol: PancakeSwapV3
2025-05-29T02:11:38.983321+08:00 INFO tx: 0x45a25d67a0e9afbe15967a186fd52062197296d285c5377d9f061af589b5805b
2025-05-29T02:11:38.983367+08:00 INFO tx: 0xa2c2788c4d5b06085210e18866af6768ebe35c5b9c687af964d7b99a994b1bcf
2025-05-29T02:11:38.983477+08:00 INFO pool: PancakeSwapV3 0x25611630efc511d0291f5d9dd5176846e3f4ca24
2025-05-29T02:11:38.983557+08:00 INFO Pool: 0x25611630efc511d0291f5d9dd5176846e3f4ca24, Token: 0x55d398326f99059ff775485246999027b3197955, Amount: 149, Protocol: PancakeSwapV3
2025-05-29T02:11:38.983670+08:00 INFO tx: 0x08c92a75cb6fa53d2aeba9290617fbe83d8f28c06c0f6d10968ea7928b068d0d
2025-05-29T02:11:38.983775+08:00 INFO pool: PancakeSwapV3 0xbdccafb234be6dc2545b0c25b0a5f5d9d1124228
2025-05-29T02:11:38.983813+08:00 INFO Pool: 0xbdccafb234be6dc2545b0c25b0a5f5d9d1124228, Token: 0x8ac76a51cc950d9822d68b83fe1ad97b32cd580d, Amount: 209, Protocol: PancakeSwapV3
2025-05-29T02:11:38.983870+08:00 INFO tx: 0x930df1a16f613713d80ccb5c3e680e4dffaf83d42a4507b3c01d1203bd7c5f4c
2025-05-29T02:11:39.997416+08:00 INFO pool: PancakeSwapV3 0xf2688fb5b81049dfb7703ada5e770543770612c4
2025-05-29T02:11:39.997739+08:00 INFO Pool: 0xf2688fb5b81049dfb7703ada5e770543770612c4, Token: 0x8ac76a51cc950d9822d68b83fe1ad97b32cd580d, Amount: 1031, Protocol: PancakeSwapV3
2025-05-29T02:11:39.997842+08:00 INFO pool: PancakeSwapV3 0xbdccafb234be6dc2545b0c25b0a5f5d9d1124228
2025-05-29T02:11:39.997930+08:00 INFO Pool: 0xbdccafb234be6dc2545b0c25b0a5f5d9d1124228, Token: 0x8ac76a51cc950d9822d68b83fe1ad97b32cd580d, Amount: 1031, Protocol: PancakeSwapV3
2025-05-29T02:11:39.998174+08:00 INFO tx: 0x4a95a03467be70277798771d5e17175ae6f6b120e94d741bbae3ca0072a27455
2025-05-29T02:11:40.975596+08:00 INFO pool: UniswapV3 0x3a960a3468ec701242ffdf5d912b387cf58c480a
2025-05-29T02:11:40.975866+08:00 INFO Pool: 0x3a960a3468ec701242ffdf5d912b387cf58c480a, Token: 0x55d398326f99059ff775485246999027b3197955, Amount: 5, Protocol: UniswapV3
2025-05-29T02:11:40.975951+08:00 INFO tx: 0x18941e64f774f37e9a42f7921b46e548d1f33bf19dbbe04e165fbbfcec9da49d
2025-05-29T02:11:40.975984+08:00 INFO tx: 0xdfe041a7029e9195f7b8645362f9ec4a12b6c5463f773058e63fb65f13f3e6e0
2025-05-29T02:11:40.976019+08:00 INFO tx: 0x92285bb61684ed9095dabcde9d2372b3823c1568856221c26c287dc89fd23370
2025-05-29T02:11:40.976114+08:00 INFO tx: 0x9a2d393749fd78f10f897181ffbeb6fe50ec5ab3b2135a21e10a7ba23e0db7e6
2025-05-29T02:11:40.976162+08:00 INFO tx: 0x9ba530823040e217ec59c3673d3322059709335edd53551a2fcd6dadc9f0f1b4
2025-05-29T02:11:40.976253+08:00 INFO tx: 0x867c319aaa5475575195d266778b256e4371e542815fc2cbebbd2088d0986056
2025-05-29T02:11:40.976291+08:00 INFO tx: 0xc56bde6928e9872e3e0312a6e8c0f5461782436989a67bcc08a5ecbc6626a8b0
2025-05-29T02:11:40.976427+08:00 INFO tx: 0x8c94c572ecdc8f48c34f04abaa2ad3b9a72fc85aec6b28ab9e56a3ff58d14e28
2025-05-29T02:11:40.976486+08:00 INFO tx: 0x891d3760cc20a79e06740f7cc76861d196cd8986f0792abab558aa99f66e3449
2025-05-29T02:11:40.976603+08:00 INFO pool: PancakeSwapV3 0x172fcd41e0913e95784454622d1c3724f546f849
2025-05-29T02:11:40.976652+08:00 INFO Pool: 0x172fcd41e0913e95784454622d1c3724f546f849, Token: 0x55d398326f99059ff775485246999027b3197955, Amount: 6, Protocol: PancakeSwapV3
2025-05-29T02:11:41.938904+08:00 INFO pool: PancakeSwapV3 0x757651b39d4d13509b60b5784ba0e504a8ef6691
2025-05-29T02:11:41.939191+08:00 INFO Pool: 0x757651b39d4d13509b60b5784ba0e504a8ef6691, Token: 0xbb4cdb9cbd36b01bd1cbaebf2de08d9173bc095c, Amount: 6, Protocol: PancakeSwapV3
2025-05-29T02:11:41.939287+08:00 INFO tx: 0x582ce7dea998ab3f11e2df051adc9bffecbf0f113a115eadef70dae9e2577445
2025-05-29T02:11:41.939398+08:00 INFO pool: PancakeSwapV3 0x757651b39d4d13509b60b5784ba0e504a8ef6691
2025-05-29T02:11:41.939440+08:00 INFO Pool: 0x757651b39d4d13509b60b5784ba0e504a8ef6691, Token: 0xbb4cdb9cbd36b01bd1cbaebf2de08d9173bc095c, Amount: 24, Protocol: PancakeSwapV3
2025-05-29T02:11:41.939492+08:00 INFO pool: PancakeSwapV3 0x172fcd41e0913e95784454622d1c3724f546f849
2025-05-29T02:11:41.939527+08:00 INFO Pool: 0x172fcd41e0913e95784454622d1c3724f546f849, Token: 0x55d398326f99059ff775485246999027b3197955, Amount: 24, Protocol: PancakeSwapV3
2025-05-29T02:11:41.939603+08:00 INFO tx: 0x4b3a199b080f99ae26a90f72421093f08daa650b0864c7c43407b7083adf3904
2025-05-29T02:11:43.008089+08:00 INFO pool: PancakeSwapV3 0x973b61f2210d588ad9b1d5ef1e7d518d964ddd2d
2025-05-29T02:11:43.008160+08:00 INFO Pool: 0x973b61f2210d588ad9b1d5ef1e7d518d964ddd2d, Token: 0x55d398326f99059ff775485246999027b3197955, Amount: 1, Protocol: PancakeSwapV3
2025-05-29T02:11:43.008207+08:00 INFO tx: 0x21a09e0fb0d04bbe4d965dde7d868f20b47cc95038c4ba78f876d5ef6bcb99f9
2025-05-29T02:11:43.008291+08:00 INFO tx: 0x04570f6a89b3f499d124b2e95b163a49f7753081a2222d6bc30c2da09f55d3ed
2025-05-29T02:11:43.008385+08:00 INFO tx: 0xf23c4daf06af33ffe48285288aa28108a39a8326a0f572be66c8a4622cbf162a
2025-05-29T02:11:43.008420+08:00 INFO tx: 0x564c5a618eb4b8155fc60ff12a727cf0c2f3f93a67daf7344ef0a28ce5a91252
2025-05-29T02:11:43.008497+08:00 INFO pool: PancakeSwapV3 0x5968feacba91d55010975e0cfe8acfc32664ad33
2025-05-29T02:11:43.008537+08:00 INFO Pool: 0x5968feacba91d55010975e0cfe8acfc32664ad33, Token: 0x55d398326f99059ff775485246999027b3197955, Amount: 1030, Protocol: PancakeSwapV3
2025-05-29T02:11:43.008594+08:00 INFO tx: 0x867f9de62808a37a1252d43664f36b6fe214a04bf80bd07f95a63604658ae9fe
2025-05-29T02:11:43.008666+08:00 INFO pool: UniswapV3 0x81c7294b66955824bc04acb642ae8dc58e6ce507
2025-05-29T02:11:43.008707+08:00 INFO Pool: 0x81c7294b66955824bc04acb642ae8dc58e6ce507, Token: 0x55d398326f99059ff775485246999027b3197955, Amount: 1139, Protocol: UniswapV3
2025-05-29T02:11:43.008751+08:00 INFO tx: 0x148bf02a0473b261360b803eb9d198e6731343bbaeacec9da15ea6ee8c34487a
2025-05-29T02:11:43.988735+08:00 INFO pool: PancakeSwapV3 0x24814dfc62f1983bfbede97eb1e9d39800c9b819
2025-05-29T02:11:43.989020+08:00 INFO Pool: 0x24814dfc62f1983bfbede97eb1e9d39800c9b819, Token: 0xbb4cdb9cbd36b01bd1cbaebf2de08d9173bc095c, Amount: 1026, Protocol: PancakeSwapV3
2025-05-29T02:11:43.989139+08:00 INFO pool: PancakeSwapV3 0x172fcd41e0913e95784454622d1c3724f546f849
2025-05-29T02:11:43.989187+08:00 INFO Pool: 0x172fcd41e0913e95784454622d1c3724f546f849, Token: 0x55d398326f99059ff775485246999027b3197955, Amount: 1029, Protocol: PancakeSwapV3
2025-05-29T02:11:43.989250+08:00 INFO tx: 0x2b81f57ad374e8f4c07255b09fab56b08cf45e0530fd63742bc1980f3b0ec9e7
2025-05-29T02:11:43.989282+08:00 INFO tx: 0x9acb76d72c92fea97a30cfd7e48f5d319b3c27cc2db1f541d81d81bae9b6a945
2025-05-29T02:11:43.989401+08:00 INFO pool: PancakeSwapV3 0x5968feacba91d55010975e0cfe8acfc32664ad33
2025-05-29T02:11:43.989459+08:00 INFO Pool: 0x5968feacba91d55010975e0cfe8acfc32664ad33, Token: 0x55d398326f99059ff775485246999027b3197955, Amount: 2133, Protocol: PancakeSwapV3
2025-05-29T02:11:43.989529+08:00 INFO tx: 0x2407fdd9afc0f797c842b1c6d270433fe5b48e97cd2044731c0e023a11449304
2025-05-29T02:11:45.073541+08:00 INFO pool: UniswapV3 0xc98f01bf2141e1140ef8f8cad99d4b021d10718f
2025-05-29T02:11:45.073683+08:00 INFO Pool: 0xc98f01bf2141e1140ef8f8cad99d4b021d10718f, Token: 0x55d398326f99059ff775485246999027b3197955, Amount: 2, Protocol: UniswapV3
2025-05-29T02:11:45.073747+08:00 INFO tx: 0x98288c40a433afa4ee92287df7f0898fe03718425cca271c57e92dd5b3ea20c9
2025-05-29T02:11:45.073781+08:00 INFO tx: 0xae9e85439c1edaa587eaf2ecab9467c41183ba8ee934e845025faf15e80a52d3
2025-05-29T02:11:46.052804+08:00 INFO pool: PancakeSwapV3 0x92b7807bf19b7dddf89b706143896d05228f3121
2025-05-29T02:11:46.053158+08:00 INFO Pool: 0x92b7807bf19b7dddf89b706143896d05228f3121, Token: 0x55d398326f99059ff775485246999027b3197955, Amount: 105, Protocol: PancakeSwapV3
2025-05-29T02:11:47.101733+08:00 INFO pool: PancakeSwapV3 0x98d6e81f14b2278455311738267d6cf93160be35
2025-05-29T02:11:47.101849+08:00 INFO Pool: 0x98d6e81f14b2278455311738267d6cf93160be35, Token: 0x8ac76a51cc950d9822d68b83fe1ad97b32cd580d, Amount: 105, Protocol: PancakeSwapV3
2025-05-29T02:11:47.101921+08:00 INFO tx: 0xc1bfa664244d173bc10628c78b83c64cf8025fb6e05b8df0ff2d49a388537b6b
2025-05-29T02:11:47.101961+08:00 INFO tx: 0xd6295fd63b8a675b2eb07dd0299bd94c11a4637dafb13b8e7b792542c230f8f2
2025-05-29T02:11:47.101995+08:00 INFO tx: 0xadf783f625c11df86b44143bb8e5304a7cd11175d9d6704772c190dbe4817f6a
2025-05-29T02:11:47.102029+08:00 INFO tx: 0x5d7b3a68b925b73efb0a23464d3d5b4402ee3fdc701bb685d7d5a4e280b1543b
2025-05-29T02:11:47.102118+08:00 INFO pool: PancakeSwapV3 0x5968feacba91d55010975e0cfe8acfc32664ad33
2025-05-29T02:11:47.102164+08:00 INFO Pool: 0x5968feacba91d55010975e0cfe8acfc32664ad33, Token: 0x55d398326f99059ff775485246999027b3197955, Amount: 1024, Protocol: PancakeSwapV3
2025-05-29T02:11:47.102220+08:00 INFO tx: 0xfd53fd7d73a76c3f9eb5021ab657b31cffb0240acc0f61cdbdfd4764239b02d7
2025-05-29T02:11:47.102293+08:00 INFO pool: PancakeSwapV3 0x7d94b911a51670f78a44a7af3c2bf773c42f2497
2025-05-29T02:11:47.102330+08:00 INFO Pool: 0x7d94b911a51670f78a44a7af3c2bf773c42f2497, Token: 0xbb4cdb9cbd36b01bd1cbaebf2de08d9173bc095c, Amount: 1096, Protocol: PancakeSwapV3
2025-05-29T02:11:47.102375+08:00 INFO tx: 0xd091e1f7b84386d551695af1dfd89aef48d0fec0ebaaa1833e0fedaae3708991
2025-05-29T02:11:47.102402+08:00 INFO tx: 0xb7d68add7b4230448d1edcf03ac39640696168ecdad91b32698eee190f4c25e4
2025-05-29T02:11:47.735905+08:00 INFO Received Ctrl+C signal. Exiting...
2025-05-29T02:11:47.736040+08:00 INFO SIGINT received; starting forced shutdown
